2025-07-11T17:31:22.721+05:30  INFO 98247 --- [my-springboot-app] [main] com.example.demo.DemoApplication         : Starting DemoApplication using Java 17.0.15 with PID 98247 (/Users/prathamgupta/Desktop/SmartCharger/BackEnd/Routing/target/classes started by prathamgupta in /Users/prathamgupta/Desktop/SmartCharger/BackEnd)
2025-07-11T17:31:22.722+05:30  INFO 98247 --- [my-springboot-app] [main] com.example.demo.DemoApplication         : No active profile set, falling back to 1 default profile: "default"
2025-07-11T17:31:23.199+05:30  INFO 98247 --- [my-springboot-app] [main] .s.d.r.c.RepositoryConfigurationDelegate : Bootstrapping Spring Data JPA repositories in DEFAULT mode.
2025-07-11T17:31:23.209+05:30  INFO 98247 --- [my-springboot-app] [main] .s.d.r.c.RepositoryConfigurationDelegate : Finished Spring Data repository scanning in 5 ms. Found 0 JPA repository interfaces.
2025-07-11T17:31:23.407+05:30  INFO 98247 --- [my-springboot-app] [main] o.s.b.w.embedded.tomcat.TomcatWebServer  : Tomcat initialized with port 8081 (http)
2025-07-11T17:31:23.413+05:30  INFO 98247 --- [my-springboot-app] [main] o.apache.catalina.core.StandardService   : Starting service [Tomcat]
2025-07-11T17:31:23.413+05:30  INFO 98247 --- [my-springboot-app] [main] o.apache.catalina.core.StandardEngine    : Starting Servlet engine: [Apache Tomcat/10.1.42]
2025-07-11T17:31:23.436+05:30  INFO 98247 --- [my-springboot-app] [main] o.a.c.c.C.[Tomcat].[localhost].[/]       : Initializing Spring embedded WebApplicationContext
2025-07-11T17:31:23.436+05:30  INFO 98247 --- [my-springboot-app] [main] w.s.c.ServletWebServerApplicationContext : Root WebApplicationContext: initialization completed in 694 ms
2025-07-11T17:31:23.550+05:30  INFO 98247 --- [my-springboot-app] [main] o.hibernate.jpa.internal.util.LogHelper  : HHH000204: Processing PersistenceUnitInfo [name: default]
2025-07-11T17:31:23.573+05:30  INFO 98247 --- [my-springboot-app] [main] org.hibernate.Version                    : HHH000412: Hibernate ORM core version 6.6.18.Final
2025-07-11T17:31:23.587+05:30  INFO 98247 --- [my-springboot-app] [main] o.h.c.internal.RegionFactoryInitiator    : HHH000026: Second-level cache disabled
2025-07-11T17:31:23.714+05:30  INFO 98247 --- [my-springboot-app] [main] o.s.o.j.p.SpringPersistenceUnitInfo      : No LoadTimeWeaver setup: ignoring JPA class transformer
2025-07-11T17:31:23.728+05:30  INFO 98247 --- [my-springboot-app] [main] com.zaxxer.hikari.HikariDataSource       : HikariPool-1 - Starting...
2025-07-11T17:31:23.893+05:30  INFO 98247 --- [my-springboot-app] [main] com.zaxxer.hikari.pool.HikariPool        : HikariPool-1 - Added connection com.mysql.cj.jdbc.ConnectionImpl@653e7b
2025-07-11T17:31:23.894+05:30  INFO 98247 --- [my-springboot-app] [main] com.zaxxer.hikari.HikariDataSource       : HikariPool-1 - Start completed.
2025-07-11T17:31:23.920+05:30  WARN 98247 --- [my-springboot-app] [main] org.hibernate.orm.deprecation            : HHH90000025: MySQL8Dialect does not need to be specified explicitly using 'hibernate.dialect' (remove the property setting and it will be selected by default)
2025-07-11T17:31:23.921+05:30  WARN 98247 --- [my-springboot-app] [main] org.hibernate.orm.deprecation            : HHH90000026: MySQL8Dialect has been deprecated; use org.hibernate.dialect.MySQLDialect instead
2025-07-11T17:31:23.929+05:30  INFO 98247 --- [my-springboot-app] [main] org.hibernate.orm.connections.pooling    : HHH10001005: Database info:
	Database JDBC URL [Connecting through datasource 'HikariDataSource (HikariPool-1)']
	Database driver: undefined/unknown
	Database version: 8.0
	Autocommit mode: undefined/unknown
	Isolation level: undefined/unknown
	Minimum pool size: undefined/unknown
	Maximum pool size: undefined/unknown
2025-07-11T17:31:24.072+05:30  INFO 98247 --- [my-springboot-app] [main] o.h.e.t.j.p.i.JtaPlatformInitiator       : HHH000489: No JTA platform available (set 'hibernate.transaction.jta.platform' to enable JTA platform integration)
2025-07-11T17:31:24.074+05:30  INFO 98247 --- [my-springboot-app] [main] j.LocalContainerEntityManagerFactoryBean : Initialized JPA EntityManagerFactory for persistence unit 'default'
2025-07-11T17:31:24.093+05:30  WARN 98247 --- [my-springboot-app] [main] JpaBaseConfiguration$JpaWebConfiguration : spring.jpa.open-in-view is enabled by default. Therefore, database queries may be performed during view rendering. Explicitly configure spring.jpa.open-in-view to disable this warning
2025-07-11T17:31:24.370+05:30  INFO 98247 --- [my-springboot-app] [main] o.s.b.a.e.web.EndpointLinksResolver      : Exposing 1 endpoint beneath base path '/actuator'
2025-07-11T17:31:24.413+05:30  INFO 98247 --- [my-springboot-app] [main] o.s.b.w.embedded.tomcat.TomcatWebServer  : Tomcat started on port 8081 (http) with context path '/'
2025-07-11T17:31:24.427+05:30  INFO 98247 --- [my-springboot-app] [main] com.example.demo.DemoApplication         : Started DemoApplication in 1.906 seconds (process running for 2.141)
